phone/build/intermediates/manifest_merge_blame_file/release/manifest-merger-blame-release-report.txt
1<?xml version="1.0" encoding="utf-8"?>
2<manifest xmlns:android="http://schemas.android.com/apk/res/android"
3    package="com.lnsgroup.elise.companion"
4    android:versionCode="1"
5    android:versionName="1.0.1" >
6
7    <uses-sdk
8        android:minSdkVersion="26"
9        android:targetSdkVersion="34" />
10
11    <!-- Réseau -->
12    <uses-permission android:name="android.permission.INTERNET" />
12-->src\main\AndroidManifest.xml:5:5-67
12-->src\main\AndroidManifest.xml:5:22-64
13    <uses-permission android:name="android.permission.ACCESS_NETWORK_STATE" />
13-->src\main\AndroidManifest.xml:6:5-79
13-->src\main\AndroidManifest.xml:6:22-76
14
15    <!-- Micro + Audio -->
16    <uses-permission android:name="android.permission.RECORD_AUDIO" />
16-->src\main\AndroidManifest.xml:9:5-71
16-->src\main\AndroidManifest.xml:9:22-68
17    <uses-permission android:name="android.permission.MODIFY_AUDIO_SETTINGS" />
17-->src\main\AndroidManifest.xml:10:5-80
17-->src\main\AndroidManifest.xml:10:22-77
18
19    <!-- Overlay système -->
20    <uses-permission android:name="android.permission.SYSTEM_ALERT_WINDOW" />
20-->src\main\AndroidManifest.xml:13:5-78
20-->src\main\AndroidManifest.xml:13:22-75
21
22    <!-- Services foreground -->
23    <uses-permission android:name="android.permission.FOREGROUND_SERVICE" />
23-->src\main\AndroidManifest.xml:16:5-77
23-->src\main\AndroidManifest.xml:16:22-74
24    <uses-permission android:name="android.permission.FOREGROUND_SERVICE_MICROPHONE" />
24-->src\main\AndroidManifest.xml:17:5-88
24-->src\main\AndroidManifest.xml:17:22-85
25    <uses-permission android:name="android.permission.FOREGROUND_SERVICE_CAMERA" />
25-->src\main\AndroidManifest.xml:18:5-84
25-->src\main\AndroidManifest.xml:18:22-81
26    <uses-permission android:name="android.permission.FOREGROUND_SERVICE_LOCATION" />
26-->src\main\AndroidManifest.xml:19:5-86
26-->src\main\AndroidManifest.xml:19:22-83
27
28    <!-- Téléphone + Appels -->
29    <uses-permission android:name="android.permission.READ_PHONE_STATE" />
29-->src\main\AndroidManifest.xml:22:5-75
29-->src\main\AndroidManifest.xml:22:22-72
30    <uses-permission android:name="android.permission.READ_CALL_LOG" />
30-->src\main\AndroidManifest.xml:23:5-72
30-->src\main\AndroidManifest.xml:23:22-69
31    <uses-permission android:name="android.permission.PROCESS_OUTGOING_CALLS" />
31-->src\main\AndroidManifest.xml:24:5-81
31-->src\main\AndroidManifest.xml:24:22-78
32
33    <!-- Caméra -->
34    <uses-permission android:name="android.permission.CAMERA" />
34-->src\main\AndroidManifest.xml:27:5-65
34-->src\main\AndroidManifest.xml:27:22-62
35
36    <!-- Localisation GPS -->
37    <uses-permission android:name="android.permission.ACCESS_FINE_LOCATION" />
37-->src\main\AndroidManifest.xml:30:5-79
37-->src\main\AndroidManifest.xml:30:22-76
38    <uses-permission android:name="android.permission.ACCESS_COARSE_LOCATION" />
38-->src\main\AndroidManifest.xml:31:5-81
38-->src\main\AndroidManifest.xml:31:22-78
39    <uses-permission android:name="android.permission.ACCESS_BACKGROUND_LOCATION" />
39-->src\main\AndroidManifest.xml:32:5-85
39-->src\main\AndroidManifest.xml:32:22-82
40
41    <!-- Contacts -->
42    <uses-permission android:name="android.permission.READ_CONTACTS" />
42-->src\main\AndroidManifest.xml:35:5-72
42-->src\main\AndroidManifest.xml:35:22-69
43
44    <!-- Agenda -->
45    <uses-permission android:name="android.permission.READ_CALENDAR" />
45-->src\main\AndroidManifest.xml:38:5-72
45-->src\main\AndroidManifest.xml:38:22-69
46    <uses-permission android:name="android.permission.WRITE_CALENDAR" />
46-->src\main\AndroidManifest.xml:39:5-73
46-->src\main\AndroidManifest.xml:39:22-70
47
48    <!-- Notifications -->
49    <uses-permission android:name="android.permission.POST_NOTIFICATIONS" />
49-->src\main\AndroidManifest.xml:42:5-77
49-->src\main\AndroidManifest.xml:42:22-74
50    <uses-permission android:name="android.permission.BIND_NOTIFICATION_LISTENER_SERVICE" />
50-->src\main\AndroidManifest.xml:43:5-93
50-->src\main\AndroidManifest.xml:43:22-90
51
52    <!-- Stockage (médias) -->
53    <uses-permission android:name="android.permission.READ_MEDIA_IMAGES" />
53-->src\main\AndroidManifest.xml:46:5-76
53-->src\main\AndroidManifest.xml:46:22-73
54    <uses-permission android:name="android.permission.READ_MEDIA_VIDEO" />
54-->src\main\AndroidManifest.xml:47:5-75
54-->src\main\AndroidManifest.xml:47:22-72
55    <uses-permission android:name="android.permission.READ_MEDIA_AUDIO" />
55-->src\main\AndroidManifest.xml:48:5-75
55-->src\main\AndroidManifest.xml:48:22-72
56
57    <!-- Démarrage automatique -->
58    <uses-permission android:name="android.permission.RECEIVE_BOOT_COMPLETED" />
58-->src\main\AndroidManifest.xml:51:5-81
58-->src\main\AndroidManifest.xml:51:22-78
59
60    <!-- Installation APK (OTA) -->
61    <uses-permission android:name="android.permission.REQUEST_INSTALL_PACKAGES" />
61-->src\main\AndroidManifest.xml:54:5-83
61-->src\main\AndroidManifest.xml:54:22-80
62
63    <!-- Bluetooth (montre) -->
64    <uses-permission
64-->src\main\AndroidManifest.xml:57:5-95
65        android:name="android.permission.BLUETOOTH"
65-->src\main\AndroidManifest.xml:57:22-65
66        android:maxSdkVersion="30" />
66-->src\main\AndroidManifest.xml:57:66-92
67    <uses-permission android:name="android.permission.BLUETOOTH_CONNECT" />
67-->src\main\AndroidManifest.xml:58:5-76
67-->src\main\AndroidManifest.xml:58:22-73
68
69    <permission
69-->[androidx.core:core:1.12.0] AndroidManifest.xml:22:5-24:47
70        android:name="com.lnsgroup.elise.companion.DYNAMIC_RECEIVER_NOT_EXPORTED_PERMISSION"
70-->[androidx.core:core:1.12.0] AndroidManifest.xml:23:9-81
71        android:protectionLevel="signature" />
71-->[androidx.core:core:1.12.0] AndroidManifest.xml:24:9-44
72
73    <uses-permission android:name="com.lnsgroup.elise.companion.DYNAMIC_RECEIVER_NOT_EXPORTED_PERMISSION" />
73-->[androidx.core:core:1.12.0] AndroidManifest.xml:26:5-97
73-->[androidx.core:core:1.12.0] AndroidManifest.xml:26:22-94
74
75    <application
75-->src\main\AndroidManifest.xml:60:5-125:19
76        android:allowBackup="false"
76-->src\main\AndroidManifest.xml:64:9-36
77        android:appComponentFactory="androidx.core.app.CoreComponentFactory"
77-->[androidx.core:core:1.12.0] AndroidManifest.xml:28:18-86
78        android:extractNativeLibs="false"
79        android:icon="@drawable/ic_elise"
79-->src\main\AndroidManifest.xml:62:9-42
80        android:label="ÉLISE"
80-->src\main\AndroidManifest.xml:61:9-30
81        android:supportsRtl="true"
81-->src\main\AndroidManifest.xml:65:9-35
82        android:theme="@style/Theme.Elise" >
82-->src\main\AndroidManifest.xml:63:9-43
83
84        <!-- Activité principale -->
85        <activity
85-->src\main\AndroidManifest.xml:68:9-76:20
86            android:name="com.lnsgroup.elise.companion.MainActivity"
86-->src\main\AndroidManifest.xml:69:13-41
87            android:exported="true"
87-->src\main\AndroidManifest.xml:70:13-36
88            android:screenOrientation="portrait" >
88-->src\main\AndroidManifest.xml:71:13-49
89            <intent-filter>
89-->src\main\AndroidManifest.xml:72:13-75:29
90                <action android:name="android.intent.action.MAIN" />
90-->src\main\AndroidManifest.xml:73:17-69
90-->src\main\AndroidManifest.xml:73:25-66
91
92                <category android:name="android.intent.category.LAUNCHER" />
92-->src\main\AndroidManifest.xml:74:17-77
92-->src\main\AndroidManifest.xml:74:27-74
93            </intent-filter>
94        </activity>
95
96        <!-- Overlay vocal foreground -->
97        <service
97-->src\main\AndroidManifest.xml:79:9-82:40
98            android:name="com.lnsgroup.elise.companion.EliseOverlayService"
98-->src\main\AndroidManifest.xml:80:13-48
99            android:exported="false"
99-->src\main\AndroidManifest.xml:82:13-37
100            android:foregroundServiceType="microphone|camera|location" />
100-->src\main\AndroidManifest.xml:81:13-71
101
102        <!-- Interface enrôlement / reconnaissance faciale -->
103        <activity
103-->src\main\AndroidManifest.xml:85:9-89:46
104            android:name="com.lnsgroup.elise.companion.FaceScanActivity"
104-->src\main\AndroidManifest.xml:86:13-45
105            android:exported="false"
105-->src\main\AndroidManifest.xml:87:13-37
106            android:label="ÉLISE — Visage"
106-->src\main\AndroidManifest.xml:89:13-43
107            android:screenOrientation="portrait" />
107-->src\main\AndroidManifest.xml:88:13-49
108
109        <!-- Détection d'appels téléphoniques -->
110        <service
110-->src\main\AndroidManifest.xml:92:9-94:40
111            android:name="com.lnsgroup.elise.companion.EliseCallMonitor"
111-->src\main\AndroidManifest.xml:93:13-45
112            android:exported="false" />
112-->src\main\AndroidManifest.xml:94:13-37
113
114        <!-- Proxy Wearable : relaie l'audio de la montre au serveur via Bluetooth -->
115        <service
115-->src\main\AndroidManifest.xml:97:9-103:19
116            android:name="com.lnsgroup.elise.companion.EliseWatchProxyService"
116-->src\main\AndroidManifest.xml:98:13-51
117            android:exported="true" >
117-->src\main\AndroidManifest.xml:99:13-36
118            <intent-filter>
118-->src\main\AndroidManifest.xml:100:13-102:29
119                <action android:name="com.google.android.gms.wearable.CHANNEL_EVENT" />
119-->src\main\AndroidManifest.xml:101:17-88
119-->src\main\AndroidManifest.xml:101:25-85
120            </intent-filter>
121        </service>
122
123        <!-- Démarrage automatique au boot -->
124        <receiver
124-->src\main\AndroidManifest.xml:106:9-112:20
125            android:name="com.lnsgroup.elise.companion.EliseBootReceiver"
125-->src\main\AndroidManifest.xml:107:13-46
126            android:exported="true" >
126-->src\main\AndroidManifest.xml:108:13-36
127            <intent-filter>
127-->src\main\AndroidManifest.xml:109:13-111:29
128                <action android:name="android.intent.action.BOOT_COMPLETED" />
128-->src\main\AndroidManifest.xml:110:17-79
128-->src\main\AndroidManifest.xml:110:25-76
129            </intent-filter>
130        </receiver>
131
132        <!-- FileProvider (OTA install) -->
133        <provider
134            android:name="androidx.core.content.FileProvider"
134-->src\main\AndroidManifest.xml:116:13-62
135            android:authorities="com.lnsgroup.elise.companion.fileprovider"
135-->src\main\AndroidManifest.xml:117:13-64
136            android:exported="false"
136-->src\main\AndroidManifest.xml:118:13-37
137            android:grantUriPermissions="true" >
137-->src\main\AndroidManifest.xml:119:13-47
138            <meta-data
138-->src\main\AndroidManifest.xml:120:13-122:63
139                android:name="android.support.FILE_PROVIDER_PATHS"
139-->src\main\AndroidManifest.xml:121:17-67
140                android:resource="@xml/file_provider_paths" />
140-->src\main\AndroidManifest.xml:122:17-60
141        </provider>
142
143        <service
143-->[androidx.camera:camera-camera2:1.3.4] AndroidManifest.xml:24:9-33:19
144            android:name="androidx.camera.core.impl.MetadataHolderService"
144-->[androidx.camera:camera-camera2:1.3.4] AndroidManifest.xml:25:13-75
145            android:enabled="false"
145-->[androidx.camera:camera-camera2:1.3.4] AndroidManifest.xml:26:13-36
146            android:exported="false" >
146-->[androidx.camera:camera-camera2:1.3.4] AndroidManifest.xml:27:13-37
147            <meta-data
147-->[androidx.camera:camera-camera2:1.3.4] AndroidManifest.xml:30:13-32:89
148                android:name="androidx.camera.core.impl.MetadataHolderService.DEFAULT_CONFIG_PROVIDER"
148-->[androidx.camera:camera-camera2:1.3.4] AndroidManifest.xml:31:17-103
149                android:value="androidx.camera.camera2.Camera2Config$DefaultProvider" />
149-->[androidx.camera:camera-camera2:1.3.4] AndroidManifest.xml:32:17-86
150        </service>
151        <service
151-->[com.google.android.gms:play-services-mlkit-face-detection:17.1.0] AndroidManifest.xml:9:9-15:19
152            android:name="com.google.mlkit.common.internal.MlKitComponentDiscoveryService"
152-->[com.google.android.gms:play-services-mlkit-face-detection:17.1.0] AndroidManifest.xml:10:13-91
153            android:directBootAware="true"
153-->[com.google.mlkit:common:18.10.0] AndroidManifest.xml:17:13-43
154            android:exported="false" >
154-->[com.google.android.gms:play-services-mlkit-face-detection:17.1.0] AndroidManifest.xml:11:13-37
155            <meta-data
155-->[com.google.android.gms:play-services-mlkit-face-detection:17.1.0] AndroidManifest.xml:12:13-14:85
156                android:name="com.google.firebase.components:com.google.mlkit.vision.face.internal.FaceRegistrar"
156-->[com.google.android.gms:play-services-mlkit-face-detection:17.1.0] AndroidManifest.xml:13:17-114
157                android:value="com.google.firebase.components.ComponentRegistrar" />
157-->[com.google.android.gms:play-services-mlkit-face-detection:17.1.0] AndroidManifest.xml:14:17-82
158            <meta-data
158-->[com.google.mlkit:vision-common:17.2.0] AndroidManifest.xml:12:13-14:85
159                android:name="com.google.firebase.components:com.google.mlkit.vision.common.internal.VisionCommonRegistrar"
159-->[com.google.mlkit:vision-common:17.2.0] AndroidManifest.xml:13:17-124
160                android:value="com.google.firebase.components.ComponentRegistrar" />
160-->[com.google.mlkit:vision-common:17.2.0] AndroidManifest.xml:14:17-82
161            <meta-data
161-->[com.google.mlkit:common:18.10.0] AndroidManifest.xml:20:13-22:85
162                android:name="com.google.firebase.components:com.google.mlkit.common.internal.CommonComponentRegistrar"
162-->[com.google.mlkit:common:18.10.0] AndroidManifest.xml:21:17-120
163                android:value="com.google.firebase.components.ComponentRegistrar" />
163-->[com.google.mlkit:common:18.10.0] AndroidManifest.xml:22:17-82
164        </service>
165
166        <provider
166-->[com.google.mlkit:common:18.10.0] AndroidManifest.xml:9:9-13:38
167            android:name="com.google.mlkit.common.internal.MlKitInitProvider"
167-->[com.google.mlkit:common:18.10.0] AndroidManifest.xml:10:13-78
168            android:authorities="com.lnsgroup.elise.companion.mlkitinitprovider"
168-->[com.google.mlkit:common:18.10.0] AndroidManifest.xml:11:13-69
169            android:exported="false"
169-->[com.google.mlkit:common:18.10.0] AndroidManifest.xml:12:13-37
170            android:initOrder="99" />
170-->[com.google.mlkit:common:18.10.0] AndroidManifest.xml:13:13-35
171
172        <activity
172-->[com.google.android.gms:play-services-auth:21.2.0] AndroidManifest.xml:23:9-27:75
173            android:name="com.google.android.gms.auth.api.signin.internal.SignInHubActivity"
173-->[com.google.android.gms:play-services-auth:21.2.0] AndroidManifest.xml:24:13-93
174            android:excludeFromRecents="true"
174-->[com.google.android.gms:play-services-auth:21.2.0] AndroidManifest.xml:25:13-46
175            android:exported="false"
175-->[com.google.android.gms:play-services-auth:21.2.0] AndroidManifest.xml:26:13-37
176            android:theme="@android:style/Theme.Translucent.NoTitleBar" />
176-->[com.google.android.gms:play-services-auth:21.2.0] AndroidManifest.xml:27:13-72
177        <!--
178            Service handling Google Sign-In user revocation. For apps that do not integrate with
179            Google Sign-In, this service will never be started.
180        -->
181        <service
181-->[com.google.android.gms:play-services-auth:21.2.0] AndroidManifest.xml:33:9-37:51
182            android:name="com.google.android.gms.auth.api.signin.RevocationBoundService"
182-->[com.google.android.gms:play-services-auth:21.2.0] AndroidManifest.xml:34:13-89
183            android:exported="true"
183-->[com.google.android.gms:play-services-auth:21.2.0] AndroidManifest.xml:35:13-36
184            android:permission="com.google.android.gms.auth.api.signin.permission.REVOCATION_NOTIFICATION"
184-->[com.google.android.gms:play-services-auth:21.2.0] AndroidManifest.xml:36:13-107
185            android:visibleToInstantApps="true" />
185-->[com.google.android.gms:play-services-auth:21.2.0] AndroidManifest.xml:37:13-48
186
187        <activity
187-->[com.google.android.gms:play-services-base:18.5.0] AndroidManifest.xml:5:9-173
188            android:name="com.google.android.gms.common.api.GoogleApiActivity"
188-->[com.google.android.gms:play-services-base:18.5.0] AndroidManifest.xml:5:19-85
189            android:exported="false"
189-->[com.google.android.gms:play-services-base:18.5.0] AndroidManifest.xml:5:146-170
190            android:theme="@android:style/Theme.Translucent.NoTitleBar" />
190-->[com.google.android.gms:play-services-base:18.5.0] AndroidManifest.xml:5:86-145
191
192        <meta-data
192-->[com.google.android.gms:play-services-basement:18.4.0] AndroidManifest.xml:6:9-122
193            android:name="com.google.android.gms.version"
193-->[com.google.android.gms:play-services-basement:18.4.0] AndroidManifest.xml:6:20-65
194            android:value="@integer/google_play_services_version" />
194-->[com.google.android.gms:play-services-basement:18.4.0] AndroidManifest.xml:6:66-119
195
196        <provider
196-->[androidx.emoji2:emoji2:1.2.0] AndroidManifest.xml:24:9-32:20
197            android:name="androidx.startup.InitializationProvider"
197-->[androidx.emoji2:emoji2:1.2.0] AndroidManifest.xml:25:13-67
198            android:authorities="com.lnsgroup.elise.companion.androidx-startup"
198-->[androidx.emoji2:emoji2:1.2.0] AndroidManifest.xml:26:13-68
199            android:exported="false" >
199-->[androidx.emoji2:emoji2:1.2.0] AndroidManifest.xml:27:13-37
200            <meta-data
200-->[androidx.emoji2:emoji2:1.2.0] AndroidManifest.xml:29:13-31:52
201                android:name="androidx.emoji2.text.EmojiCompatInitializer"
201-->[androidx.emoji2:emoji2:1.2.0] AndroidManifest.xml:30:17-75
202                android:value="androidx.startup" />
202-->[androidx.emoji2:emoji2:1.2.0] AndroidManifest.xml:31:17-49
203            <meta-data
203-->[androidx.lifecycle:lifecycle-process:2.7.0] AndroidManifest.xml:29:13-31:52
204                android:name="androidx.lifecycle.ProcessLifecycleInitializer"
204-->[androidx.lifecycle:lifecycle-process:2.7.0] AndroidManifest.xml:30:17-78
205                android:value="androidx.startup" />
205-->[androidx.lifecycle:lifecycle-process:2.7.0] AndroidManifest.xml:31:17-49
206            <meta-data
206-->[androidx.profileinstaller:profileinstaller:1.3.0] AndroidManifest.xml:29:13-31:52
207                android:name="androidx.profileinstaller.ProfileInstallerInitializer"
207-->[androidx.profileinstaller:profileinstaller:1.3.0] AndroidManifest.xml:30:17-85
208                android:value="androidx.startup" />
208-->[androidx.profileinstaller:profileinstaller:1.3.0] AndroidManifest.xml:31:17-49
209        </provider>
210
211        <service
211-->[com.google.android.datatransport:transport-backend-cct:2.3.3] AndroidManifest.xml:29:9-35:19
212            android:name="com.google.android.datatransport.runtime.backends.TransportBackendDiscovery"
212-->[com.google.android.datatransport:transport-backend-cct:2.3.3] AndroidManifest.xml:30:13-103
213            android:exported="false" >
213-->[com.google.android.datatransport:transport-backend-cct:2.3.3] AndroidManifest.xml:31:13-37
214            <meta-data
214-->[com.google.android.datatransport:transport-backend-cct:2.3.3] AndroidManifest.xml:32:13-34:39
215                android:name="backend:com.google.android.datatransport.cct.CctBackendFactory"
215-->[com.google.android.datatransport:transport-backend-cct:2.3.3] AndroidManifest.xml:33:17-94
216                android:value="cct" />
216-->[com.google.android.datatransport:transport-backend-cct:2.3.3] AndroidManifest.xml:34:17-36
217        </service>
218        <service
218-->[com.google.android.datatransport:transport-runtime:2.2.6] AndroidManifest.xml:26:9-30:19
219            android:name="com.google.android.datatransport.runtime.scheduling.jobscheduling.JobInfoSchedulerService"
219-->[com.google.android.datatransport:transport-runtime:2.2.6] AndroidManifest.xml:27:13-117
220            android:exported="false"
220-->[com.google.android.datatransport:transport-runtime:2.2.6] AndroidManifest.xml:28:13-37
221            android:permission="android.permission.BIND_JOB_SERVICE" >
221-->[com.google.android.datatransport:transport-runtime:2.2.6] AndroidManifest.xml:29:13-69
222        </service>
223
224        <receiver
224-->[com.google.android.datatransport:transport-runtime:2.2.6] AndroidManifest.xml:32:9-34:40
225            android:name="com.google.android.datatransport.runtime.scheduling.jobscheduling.AlarmManagerSchedulerBroadcastReceiver"
225-->[com.google.android.datatransport:transport-runtime:2.2.6] AndroidManifest.xml:33:13-132
226            android:exported="false" />
226-->[com.google.android.datatransport:transport-runtime:2.2.6] AndroidManifest.xml:34:13-37
227        <receiver
227-->[androidx.profileinstaller:profileinstaller:1.3.0] AndroidManifest.xml:34:9-52:20
228            android:name="androidx.profileinstaller.ProfileInstallReceiver"
228-->[androidx.profileinstaller:profileinstaller:1.3.0] AndroidManifest.xml:35:13-76
229            android:directBootAware="false"
229-->[androidx.profileinstaller:profileinstaller:1.3.0] AndroidManifest.xml:36:13-44
230            android:enabled="true"
230-->[androidx.profileinstaller:profileinstaller:1.3.0] AndroidManifest.xml:37:13-35
231            android:exported="true"
231-->[androidx.profileinstaller:profileinstaller:1.3.0] AndroidManifest.xml:38:13-36
232            android:permission="android.permission.DUMP" >
232-->[androidx.profileinstaller:profileinstaller:1.3.0] AndroidManifest.xml:39:13-57
233            <intent-filter>
233-->[androidx.profileinstaller:profileinstaller:1.3.0] AndroidManifest.xml:40:13-42:29
234                <action android:name="androidx.profileinstaller.action.INSTALL_PROFILE" />
234-->[androidx.profileinstaller:profileinstaller:1.3.0] AndroidManifest.xml:41:17-91
234-->[androidx.profileinstaller:profileinstaller:1.3.0] AndroidManifest.xml:41:25-88
235            </intent-filter>
236            <intent-filter>
236-->[androidx.profileinstaller:profileinstaller:1.3.0] AndroidManifest.xml:43:13-45:29
237                <action android:name="androidx.profileinstaller.action.SKIP_FILE" />
237-->[androidx.profileinstaller:profileinstaller:1.3.0] AndroidManifest.xml:44:17-85
237-->[androidx.profileinstaller:profileinstaller:1.3.0] AndroidManifest.xml:44:25-82
238            </intent-filter>
239            <intent-filter>
239-->[androidx.profileinstaller:profileinstaller:1.3.0] AndroidManifest.xml:46:13-48:29
240                <action android:name="androidx.profileinstaller.action.SAVE_PROFILE" />
240-->[androidx.profileinstaller:profileinstaller:1.3.0] AndroidManifest.xml:47:17-88
240-->[androidx.profileinstaller:profileinstaller:1.3.0] AndroidManifest.xml:47:25-85
241            </intent-filter>
242            <intent-filter>
242-->[androidx.profileinstaller:profileinstaller:1.3.0] AndroidManifest.xml:49:13-51:29
243                <action android:name="androidx.profileinstaller.action.BENCHMARK_OPERATION" />
243-->[androidx.profileinstaller:profileinstaller:1.3.0] AndroidManifest.xml:50:17-95
243-->[androidx.profileinstaller:profileinstaller:1.3.0] AndroidManifest.xml:50:25-92
244            </intent-filter>
245        </receiver>
246    </application>
247
248</manifest>